生成启动时间为 2018/1/14 19:34:43。
     1>项目“E:\物体检测与识别\自编程序\BoVW训练程序\特征采样与BoVW训练window\BoVWTrainer\BoVWTrainer.vcxproj”在节点 2 上(Build 个目标)。
     1>ClCompile:
         D:\编程软件\VS2012\VC\bin\CL.exe /c /I.\GeneratedFiles /I. /ID:\qt5.3.1\5.3\msvc2012_opengl\include /I.\GeneratedFiles\Debug /ID:\qt5.3.1\5.3\msvc2012_opengl\include\QtCore /ID:\qt5.3.1\5.3\msvc2012_opengl\include\QtGui /ID:\qt5.3.1\5.3\msvc2012_opengl\include\QtQuick /ID:\qt5.3.1\5.3\msvc2012_opengl\include\QtWidgets /ID:\qt5.3.1\5.3\msvc2012_opengl\include\QtMultimedia /Zi /nologo /W1 /WX- /Od /Oy- /D UNICODE /D WIN32 /D WIN64 /D QT_DLL /D QT_CORE_LIB /D QT_GUI_LIB /D QT_QUICK_LIB /D QT_WIDGETS_LIB /D QT_MULTIMEDIA_LIB /Gm- /EHsc /MDd /GS /fp:precise /Zc:wchar_t- /Zc:forScope /Fo"Debug\\" /Fd"Debug\vc110.pdb" /Gd /TP /analyze- /errorReport:prompt bovwtrainer.cpp source\TrainBoVWofFeature.cpp
         bovwtrainer.cpp
         TrainBoVWofFeature.cpp
         正在生成代码...
         D:\编程软件\VS2012\VC\bin\CL.exe /c /I.\GeneratedFiles /I. /ID:\qt5.3.1\5.3\msvc2012_opengl\include /I.\GeneratedFiles\Debug /ID:\qt5.3.1\5.3\msvc2012_opengl\include\QtCore /ID:\qt5.3.1\5.3\msvc2012_opengl\include\QtGui /ID:\qt5.3.1\5.3\msvc2012_opengl\include\QtQuick /ID:\qt5.3.1\5.3\msvc2012_opengl\include\QtWidgets /ID:\qt5.3.1\5.3\msvc2012_opengl\include\QtMultimedia /Zi /nologo /W1 /WX- /Od /Oy- /D UNICODE /D WIN32 /D WIN64 /D QT_DLL /D QT_CORE_LIB /D QT_GUI_LIB /D QT_QUICK_LIB /D QT_WIDGETS_LIB /D QT_MULTIMEDIA_LIB /Gm- /EHsc /MDd /GS /fp:precise /Zc:wchar_t- /Zc:forScope /Fo"Debug\\" /Fd"Debug\vc110.pdb" /Gd /TP /analyze- /errorReport:prompt GeneratedFiles\qrc_bovwtrainer.cpp
         qrc_bovwtrainer.cpp
       Link:
         D:\编程软件\VS2012\VC\bin\link.exe /ERRORREPORT:PROMPT /OUT:"E:\物体检测与识别\自编程序\BoVW训练程序\特征采样与BoVW训练window\BoVWTrainer\Win32\Debug\\BoVWTrainer.exe" /NOLOGO /LIBPATH:D:\qt5.3.1\5.3\msvc2012_opengl\lib qtmaind.lib Qt5Cored.lib Qt5Guid.lib Qt5Quickd.lib Qt5Widgetsd.lib Qt5Multimediad.lib opencv_legacy2410d.lib opencv_calib3d2410d.lib opencv_contrib2410d.lib opencv_core2410d.lib opencv_features2d2410d.lib opencv_flann2410d.lib opencv_gpu2410d.lib opencv_highgui2410d.lib opencv_imgproc2410d.lib opencv_legacy2410d.lib opencv_ml2410d.lib opencv_nonfree2410d.lib opencv_objdetect2410d.lib opencv_photo2410d.lib opencv_stitching2410d.lib opencv_ts2410d.lib opencv_video2410d.lib opencv_videostab2410d.lib kernel32.lib user32.lib gdi32.lib winspool.lib comdlg32.lib advapi32.lib shell32.lib ole32.lib oleaut32.lib uuid.lib odbc32.lib odbccp32.lib /MANIFEST /ManifestFile:"Debug\BoVWTrainer.exe.intermediate.manifest" /MANIFESTUAC:"level='asInvoker' uiAccess='false'" /DEBUG /PDB:"E:\物体检测与识别\自编程序\BoVW训练程序\特征采样与BoVW训练window\BoVWTrainer\Win32\Debug\BoVWTrainer.pdb" /SUBSYSTEM:WINDOWS /TLBID:1 /DYNAMICBASE /NXCOMPAT /IMPLIB:"E:\物体检测与识别\自编程序\BoVW训练程序\特征采样与BoVW训练window\BoVWTrainer\Win32\Debug\BoVWTrainer.lib" /MACHINE:X86 /SAFESEH Debug\bovwtrainer.obj
         Debug\moc_bovwtrainer.obj
         Debug\qrc_bovwtrainer.obj
         Debug\main.obj
         Debug\TrainBoVWofFeature.obj
         BoVWTrainer.vcxproj -> E:\物体检测与识别\自编程序\BoVW训练程序\特征采样与BoVW训练window\BoVWTrainer\Win32\Debug\BoVWTrainer.exe
       Manifest:
         C:\Program Files (x86)\Windows Kits\8.0\bin\x86\mt.exe /nologo /verbose /out:"E:\物体检测与识别\自编程序\BoVW训练程序\特征采样与BoVW训练window\BoVWTrainer\Win32\Debug\BoVWTrainer.exe.manifest" /manifest Debug\BoVWTrainer.exe.intermediate.manifest
     1>已完成生成项目“E:\物体检测与识别\自编程序\BoVW训练程序\特征采样与BoVW训练window\BoVWTrainer\BoVWTrainer.vcxproj”(Build 个目标)的操作。

生成成功。

已用时间 00:00:07.69
