E:\物体检测与识别\自编程序\BOVW训练程序\特征采样与BOVW训练WINDOW\BOVWTRAINER\RELEASE\MAIN.OBJ
E:\物体检测与识别\自编程序\BOVW训练程序\特征采样与BOVW训练WINDOW\BOVWTRAINER\RELEASE\BOVWTRAINER.OBJ
E:\物体检测与识别\自编程序\BOVW训练程序\特征采样与BOVW训练WINDOW\BOVWTRAINER\RELEASE\MOC_BOVWTRAINER.OBJ
E:\物体检测与识别\自编程序\BOVW训练程序\特征采样与BOVW训练WINDOW\BOVWTRAINER\RELEASE\TRAINBOVWOFFEATURE.OBJ
E:\物体检测与识别\自编程序\BOVW训练程序\特征采样与BOVW训练WINDOW\BOVWTRAINER\RELEASE\QRC_BOVWTRAINER.OBJ
E:\物体检测与识别\自编程序\BOVW训练程序\特征采样与BOVW训练WINDOW\BOVWTRAINER\GENERATEDFILES\QRC_BOVWTRAINER.CPP
E:\物体检测与识别\自编程序\BOVW训练程序\特征采样与BOVW训练WINDOW\BOVWTRAINER\GENERATEDFILES\UI_BOVWTRAINER.H
E:\物体检测与识别\自编程序\BOVW训练程序\特征采样与BOVW训练WINDOW\BOVWTRAINER\GENERATEDFILES\RELEASE\MOC_BOVWTRAINER.CPP
E:\物体检测与识别\自编程序\BOVW训练程序\特征采样与BOVW训练WINDOW\BOVWTRAINER\WIN32\RELEASE\BOVWTRAINER.EXE
E:\物体检测与识别\自编程序\BOVW训练程序\特征采样与BOVW训练WINDOW\BOVWTRAINER\RELEASE\BOVWTRAINER.EXE.INTERMEDIATE.MANIFEST
E:\物体检测与识别\自编程序\BOVW训练程序\特征采样与BOVW训练WINDOW\BOVWTRAINER\WIN32\RELEASE\BOVWTRAINER.EXE.MANIFEST
E:\物体检测与识别\自编程序\BoVW训练程序\特征采样与BoVW训练window\BoVWTrainer\Release\bovwtrainer.obj
E:\物体检测与识别\自编程序\BoVW训练程序\特征采样与BoVW训练window\BoVWTrainer\Release\main.obj
E:\物体检测与识别\自编程序\BoVW训练程序\特征采样与BoVW训练window\BoVWTrainer\Release\moc_bovwtrainer.obj
E:\物体检测与识别\自编程序\BoVW训练程序\特征采样与BoVW训练window\BoVWTrainer\Release\qrc_bovwtrainer.obj
E:\物体检测与识别\自编程序\BoVW训练程序\特征采样与BoVW训练window\BoVWTrainer\Release\TrainBoVWofFeature.obj
E:\物体检测与识别\自编程序\BoVW训练程序\特征采样与BoVW训练window\BoVWTrainer\Release\cl.command.1.tlog
E:\物体检测与识别\自编程序\BoVW训练程序\特征采样与BoVW训练window\BoVWTrainer\Release\CL.read.1.tlog
E:\物体检测与识别\自编程序\BoVW训练程序\特征采样与BoVW训练window\BoVWTrainer\Release\CL.write.1.tlog
E:\物体检测与识别\自编程序\BoVW训练程序\特征采样与BoVW训练window\BoVWTrainer\Release\custombuild.command.1.tlog
E:\物体检测与识别\自编程序\BoVW训练程序\特征采样与BoVW训练window\BoVWTrainer\Release\custombuild.read.1.tlog
E:\物体检测与识别\自编程序\BoVW训练程序\特征采样与BoVW训练window\BoVWTrainer\Release\custombuild.write.1.tlog
E:\物体检测与识别\自编程序\BoVW训练程序\特征采样与BoVW训练window\BoVWTrainer\Release\link.command.1.tlog
E:\物体检测与识别\自编程序\BoVW训练程序\特征采样与BoVW训练window\BoVWTrainer\Release\link.read.1.tlog
E:\物体检测与识别\自编程序\BoVW训练程序\特征采样与BoVW训练window\BoVWTrainer\Release\link.write.1.tlog
E:\物体检测与识别\自编程序\BoVW训练程序\特征采样与BoVW训练window\BoVWTrainer\Release\mt.command.1.tlog
E:\物体检测与识别\自编程序\BoVW训练程序\特征采样与BoVW训练window\BoVWTrainer\Release\mt.read.1.tlog
E:\物体检测与识别\自编程序\BoVW训练程序\特征采样与BoVW训练window\BoVWTrainer\Release\mt.write.1.tlog
E:\物体检测与识别\自编程序\BoVW训练程序\特征采样与BoVW训练window\BoVWTrainer\Release\BoVWTrainer.exe.intermediate.manifest
E:\物体检测与识别\自编程序\BoVW训练程序\特征采样与BoVW训练window\BoVWTrainer\Win32\Release\BoVWTrainer.exe.manifest
E:\物体检测与识别\自编程序\BoVW训练程序\特征采样与BoVW训练window\BoVWTrainer\Win32\Release\BoVWTrainer.exe
